<?xml version="1.0" encoding="UTF-8"?>
<robot generator="Robot 6.1.1 (Python 3.10.12 on linux)" generated="20241107 16:01:42.511" rpa="false" schemaversion="4">
<suite id="s1" name="Tests" source="/home/teeruoko/Documents/ohtu_palautus/viikko3/web-login/src/tests">
<suite id="s1-s1" name="Home" source="/home/teeruoko/Documents/ohtu_palautus/viikko3/web-login/src/tests/home.robot">
<kw name="Open And Configure Browser" library="resource" type="SETUP">
<if>
<branch type="IF" condition="$BROWSER == 'chrome'">
<kw name="Evaluate" library="BuiltIn">
<var>${options}</var>
<arg>sys.modules['selenium.webdriver'].ChromeOptions()</arg>
<arg>sys</arg>
<doc>Evaluates the given expression in Python and returns the result.</doc>
<msg timestamp="20241107 16:01:42.771" level="INFO">${options} = &lt;selenium.webdriver.chrome.options.Options object at 0x76ba991e4a60&gt;</msg>
<status status="PASS" starttime="20241107 16:01:42.771" endtime="20241107 16:01:42.771"/>
</kw>
<status status="PASS" starttime="20241107 16:01:42.755" endtime="20241107 16:01:42.771"/>
</branch>
<branch type="ELSE IF" condition="$BROWSER == 'firefox'">
<kw name="Evaluate" library="BuiltIn">
<var>${options}</var>
<arg>sys.modules['selenium.webdriver'].FirefoxOptions()</arg>
<arg>sys</arg>
<doc>Evaluates the given expression in Python and returns the result.</doc>
<status status="NOT RUN" starttime="20241107 16:01:42.771" endtime="20241107 16:01:42.772"/>
</kw>
<status status="NOT RUN" starttime="20241107 16:01:42.771" endtime="20241107 16:01:42.772"/>
</branch>
<status status="PASS" starttime="20241107 16:01:42.755" endtime="20241107 16:01:42.772"/>
</if>
<if>
<branch type="IF" condition="$HEADLESS == 'true'">
<kw name="Set Selenium Speed" library="SeleniumLibrary">
<arg>0</arg>
<doc>Sets the delay that is waited after each Selenium command.</doc>
<status status="NOT RUN" starttime="20241107 16:01:42.772" endtime="20241107 16:01:42.772"/>
</kw>
<kw name="Call Method" library="BuiltIn">
<arg>${options}</arg>
<arg>add_argument</arg>
<arg>--headless</arg>
<doc>Calls the named method of the given object with the provided arguments.</doc>
<status status="NOT RUN" starttime="20241107 16:01:42.772" endtime="20241107 16:01:42.772"/>
</kw>
<status status="NOT RUN" starttime="20241107 16:01:42.772" endtime="20241107 16:01:42.772"/>
</branch>
<branch type="ELSE">
<kw name="Set Selenium Speed" library="SeleniumLibrary">
<arg>${DELAY}</arg>
<doc>Sets the delay that is waited after each Selenium command.</doc>
<status status="PASS" starttime="20241107 16:01:42.772" endtime="20241107 16:01:42.772"/>
</kw>
<status status="PASS" starttime="20241107 16:01:42.772" endtime="20241107 16:01:42.772"/>
</branch>
<status status="PASS" starttime="20241107 16:01:42.772" endtime="20241107 16:01:42.772"/>
</if>
<kw name="Open Browser" library="SeleniumLibrary">
<arg>browser=${BROWSER}</arg>
<arg>options=${options}</arg>
<doc>Opens a new browser instance to the optional ``url``.</doc>
<msg timestamp="20241107 16:01:42.773" level="INFO">Opening browser 'chrome' to base url 'None'.</msg>
<status status="PASS" starttime="20241107 16:01:42.773" endtime="20241107 16:01:43.426"/>
</kw>
<status status="PASS" starttime="20241107 16:01:42.754" endtime="20241107 16:01:43.426"/>
</kw>
<test id="s1-s1-t1" name="Click Login Link" line="8">
<kw name="Reset Application And Go To Starting Page" type="SETUP">
<kw name="Reset Application" library="AppLibrary">
<status status="PASS" starttime="20241107 16:01:43.427" endtime="20241107 16:01:43.432"/>
</kw>
<kw name="Go To Starting Page">
<kw name="Go To" library="SeleniumLibrary">
<arg>${HOME_URL}</arg>
<doc>Navigates the current browser window to the provided ``url``.</doc>
<msg timestamp="20241107 16:01:43.434" level="INFO">Opening url 'http://localhost:5001'</msg>
<status status="PASS" starttime="20241107 16:01:43.433" endtime="20241107 16:01:44.028"/>
</kw>
<status status="PASS" starttime="20241107 16:01:43.433" endtime="20241107 16:01:44.028"/>
</kw>
<status status="PASS" starttime="20241107 16:01:43.427" endtime="20241107 16:01:44.028"/>
</kw>
<kw name="Click Link" library="SeleniumLibrary">
<arg>Login</arg>
<doc>Clicks a link identified by ``locator``.</doc>
<msg timestamp="20241107 16:01:44.030" level="INFO">Clicking link 'Login'.</msg>
<status status="PASS" starttime="20241107 16:01:44.029" endtime="20241107 16:01:45.686"/>
</kw>
<kw name="Login Page Should Be Open" library="resource">
<kw name="Title Should Be" library="SeleniumLibrary">
<arg>Login</arg>
<doc>Verifies that the current page title equals ``title``.</doc>
<msg timestamp="20241107 16:01:46.202" level="INFO">Page title is 'Login'.</msg>
<status status="PASS" starttime="20241107 16:01:45.688" endtime="20241107 16:01:46.202"/>
</kw>
<status status="PASS" starttime="20241107 16:01:45.687" endtime="20241107 16:01:46.202"/>
</kw>
<status status="PASS" starttime="20241107 16:01:43.426" endtime="20241107 16:01:46.203"/>
</test>
<test id="s1-s1-t2" name="Click Register Link" line="12">
<kw name="Reset Application And Go To Starting Page" type="SETUP">
<kw name="Reset Application" library="AppLibrary">
<status status="PASS" starttime="20241107 16:01:46.207" endtime="20241107 16:01:46.213"/>
</kw>
<kw name="Go To Starting Page">
<kw name="Go To" library="SeleniumLibrary">
<arg>${HOME_URL}</arg>
<doc>Navigates the current browser window to the provided ``url``.</doc>
<msg timestamp="20241107 16:01:46.214" level="INFO">Opening url 'http://localhost:5001'</msg>
<status status="PASS" starttime="20241107 16:01:46.214" endtime="20241107 16:01:46.775"/>
</kw>
<status status="PASS" starttime="20241107 16:01:46.213" endtime="20241107 16:01:46.775"/>
</kw>
<status status="PASS" starttime="20241107 16:01:46.206" endtime="20241107 16:01:46.775"/>
</kw>
<kw name="Click Link" library="SeleniumLibrary">
<arg>Register new user</arg>
<doc>Clicks a link identified by ``locator``.</doc>
<msg timestamp="20241107 16:01:46.778" level="INFO">Clicking link 'Register new user'.</msg>
<status status="PASS" starttime="20241107 16:01:46.776" endtime="20241107 16:01:48.402"/>
</kw>
<kw name="Register Page Should Be Open">
<kw name="Title Should Be" library="SeleniumLibrary">
<arg>Register</arg>
<doc>Verifies that the current page title equals ``title``.</doc>
<msg timestamp="20241107 16:01:48.916" level="INFO">Page title is 'Register'.</msg>
<status status="PASS" starttime="20241107 16:01:48.404" endtime="20241107 16:01:48.916"/>
</kw>
<status status="PASS" starttime="20241107 16:01:48.403" endtime="20241107 16:01:48.916"/>
</kw>
<status status="PASS" starttime="20241107 16:01:46.205" endtime="20241107 16:01:48.917"/>
</test>
<kw name="Close Browser" library="SeleniumLibrary" type="TEARDOWN">
<doc>Closes the current browser.</doc>
<status status="PASS" starttime="20241107 16:01:48.920" endtime="20241107 16:01:49.483"/>
</kw>
<status status="PASS" starttime="20241107 16:01:42.529" endtime="20241107 16:01:49.484"/>
</suite>
<suite id="s1-s2" name="Login" source="/home/teeruoko/Documents/ohtu_palautus/viikko3/web-login/src/tests/login.robot">
<kw name="Open And Configure Browser" library="resource" type="SETUP">
<if>
<branch type="IF" condition="$BROWSER == 'chrome'">
<kw name="Evaluate" library="BuiltIn">
<var>${options}</var>
<arg>sys.modules['selenium.webdriver'].ChromeOptions()</arg>
<arg>sys</arg>
<doc>Evaluates the given expression in Python and returns the result.</doc>
<msg timestamp="20241107 16:01:49.494" level="INFO">${options} = &lt;selenium.webdriver.chrome.options.Options object at 0x76ba98a4a620&gt;</msg>
<status status="PASS" starttime="20241107 16:01:49.494" endtime="20241107 16:01:49.494"/>
</kw>
<status status="PASS" starttime="20241107 16:01:49.493" endtime="20241107 16:01:49.494"/>
</branch>
<branch type="ELSE IF" condition="$BROWSER == 'firefox'">
<kw name="Evaluate" library="BuiltIn">
<var>${options}</var>
<arg>sys.modules['selenium.webdriver'].FirefoxOptions()</arg>
<arg>sys</arg>
<doc>Evaluates the given expression in Python and returns the result.</doc>
<status status="NOT RUN" starttime="20241107 16:01:49.495" endtime="20241107 16:01:49.495"/>
</kw>
<status status="NOT RUN" starttime="20241107 16:01:49.494" endtime="20241107 16:01:49.495"/>
</branch>
<status status="PASS" starttime="20241107 16:01:49.493" endtime="20241107 16:01:49.495"/>
</if>
<if>
<branch type="IF" condition="$HEADLESS == 'true'">
<kw name="Set Selenium Speed" library="SeleniumLibrary">
<arg>0</arg>
<doc>Sets the delay that is waited after each Selenium command.</doc>
<status status="NOT RUN" starttime="20241107 16:01:49.495" endtime="20241107 16:01:49.495"/>
</kw>
<kw name="Call Method" library="BuiltIn">
<arg>${options}</arg>
<arg>add_argument</arg>
<arg>--headless</arg>
<doc>Calls the named method of the given object with the provided arguments.</doc>
<status status="NOT RUN" starttime="20241107 16:01:49.495" endtime="20241107 16:01:49.496"/>
</kw>
<status status="NOT RUN" starttime="20241107 16:01:49.495" endtime="20241107 16:01:49.496"/>
</branch>
<branch type="ELSE">
<kw name="Set Selenium Speed" library="SeleniumLibrary">
<arg>${DELAY}</arg>
<doc>Sets the delay that is waited after each Selenium command.</doc>
<status status="PASS" starttime="20241107 16:01:49.496" endtime="20241107 16:01:49.496"/>
</kw>
<status status="PASS" starttime="20241107 16:01:49.496" endtime="20241107 16:01:49.496"/>
</branch>
<status status="PASS" starttime="20241107 16:01:49.495" endtime="20241107 16:01:49.496"/>
</if>
<kw name="Open Browser" library="SeleniumLibrary">
<arg>browser=${BROWSER}</arg>
<arg>options=${options}</arg>
<doc>Opens a new browser instance to the optional ``url``.</doc>
<msg timestamp="20241107 16:01:49.497" level="INFO">Opening browser 'chrome' to base url 'None'.</msg>
<status status="PASS" starttime="20241107 16:01:49.496" endtime="20241107 16:01:50.178"/>
</kw>
<status status="PASS" starttime="20241107 16:01:49.493" endtime="20241107 16:01:50.179"/>
</kw>
<test id="s1-s2-t1" name="Login With Correct Credentials" line="9">
<kw name="Reset Application Create User And Go To Login Page" type="SETUP">
<kw name="Reset Application" library="AppLibrary">
<status status="PASS" starttime="20241107 16:01:50.180" endtime="20241107 16:01:50.185"/>
</kw>
<kw name="Create User" library="AppLibrary">
<arg>kalle</arg>
<arg>kalle123</arg>
<status status="PASS" starttime="20241107 16:01:50.186" endtime="20241107 16:01:50.199"/>
</kw>
<kw name="Go To Login Page" library="resource">
<kw name="Go To" library="SeleniumLibrary">
<arg>${LOGIN_URL}</arg>
<doc>Navigates the current browser window to the provided ``url``.</doc>
<msg timestamp="20241107 16:01:50.200" level="INFO">Opening url 'http://localhost:5001/login'</msg>
<status status="PASS" starttime="20241107 16:01:50.200" endtime="20241107 16:01:50.793"/>
</kw>
<status status="PASS" starttime="20241107 16:01:50.199" endtime="20241107 16:01:50.793"/>
</kw>
<status status="PASS" starttime="20241107 16:01:50.180" endtime="20241107 16:01:50.793"/>
</kw>
<kw name="Set Username">
<arg>kalle</arg>
<kw name="Input Text" library="SeleniumLibrary">
<arg>username</arg>
<arg>${username}</arg>
<doc>Types the given ``text`` into the text field identified by ``locator``.</doc>
<msg timestamp="20241107 16:01:50.797" level="INFO">Typing text 'kalle' into text field 'username'.</msg>
<status status="PASS" starttime="20241107 16:01:50.795" endtime="20241107 16:01:52.475"/>
</kw>
<status status="PASS" starttime="20241107 16:01:50.794" endtime="20241107 16:01:52.476"/>
</kw>
<kw name="Set Password">
<arg>kalle123</arg>
<kw name="Input Password" library="SeleniumLibrary">
<arg>password</arg>
<arg>${password}</arg>
<doc>Types the given password into the text field identified by ``locator``.</doc>
<msg timestamp="20241107 16:01:52.479" level="INFO">Typing password into text field 'password'.</msg>
<msg timestamp="20241107 16:01:53.542" level="INFO">Temporally setting log level to: NONE</msg>
<msg timestamp="20241107 16:01:54.124" level="INFO">Log level changed from NONE to INFO.</msg>
<status status="PASS" starttime="20241107 16:01:52.478" endtime="20241107 16:01:54.125"/>
</kw>
<status status="PASS" starttime="20241107 16:01:52.476" endtime="20241107 16:01:54.125"/>
</kw>
<kw name="Submit Credentials">
<kw name="Click Button" library="SeleniumLibrary">
<arg>Login</arg>
<doc>Clicks the button identified by ``locator``.</doc>
<msg timestamp="20241107 16:01:54.129" level="INFO">Clicking button 'Login'.</msg>
<status status="PASS" starttime="20241107 16:01:54.127" endtime="20241107 16:01:56.264"/>
</kw>
<status status="PASS" starttime="20241107 16:01:54.126" endtime="20241107 16:01:56.265"/>
</kw>
<kw name="Login Should Succeed" library="login_resource">
<kw name="Main Page Should Be Open" library="resource">
<kw name="Title Should Be" library="SeleniumLibrary">
<arg>Ohtu Application main page</arg>
<doc>Verifies that the current page title equals ``title``.</doc>
<msg timestamp="20241107 16:01:56.781" level="INFO">Page title is 'Ohtu Application main page'.</msg>
<status status="PASS" starttime="20241107 16:01:56.267" endtime="20241107 16:01:56.782"/>
</kw>
<status status="PASS" starttime="20241107 16:01:56.266" endtime="20241107 16:01:56.782"/>
</kw>
<status status="PASS" starttime="20241107 16:01:56.265" endtime="20241107 16:01:56.782"/>
</kw>
<status status="PASS" starttime="20241107 16:01:50.179" endtime="20241107 16:01:56.783"/>
</test>
<test id="s1-s2-t2" name="Login With Incorrect Password" line="15">
<kw name="Reset Application Create User And Go To Login Page" type="SETUP">
<kw name="Reset Application" library="AppLibrary">
<status status="PASS" starttime="20241107 16:01:56.787" endtime="20241107 16:01:56.793"/>
</kw>
<kw name="Create User" library="AppLibrary">
<arg>kalle</arg>
<arg>kalle123</arg>
<status status="PASS" starttime="20241107 16:01:56.793" endtime="20241107 16:01:56.803"/>
</kw>
<kw name="Go To Login Page" library="resource">
<kw name="Go To" library="SeleniumLibrary">
<arg>${LOGIN_URL}</arg>
<doc>Navigates the current browser window to the provided ``url``.</doc>
<msg timestamp="20241107 16:01:56.804" level="INFO">Opening url 'http://localhost:5001/login'</msg>
<status status="PASS" starttime="20241107 16:01:56.804" endtime="20241107 16:01:57.354"/>
</kw>
<status status="PASS" starttime="20241107 16:01:56.803" endtime="20241107 16:01:57.355"/>
</kw>
<status status="PASS" starttime="20241107 16:01:56.786" endtime="20241107 16:01:57.355"/>
</kw>
<kw name="Set Username">
<arg>kalle</arg>
<kw name="Input Text" library="SeleniumLibrary">
<arg>username</arg>
<arg>${username}</arg>
<doc>Types the given ``text`` into the text field identified by ``locator``.</doc>
<msg timestamp="20241107 16:01:57.358" level="INFO">Typing text 'kalle' into text field 'username'.</msg>
<status status="PASS" starttime="20241107 16:01:57.357" endtime="20241107 16:01:58.988"/>
</kw>
<status status="PASS" starttime="20241107 16:01:57.356" endtime="20241107 16:01:58.989"/>
</kw>
<kw name="Set Password">
<arg>kalle456</arg>
<kw name="Input Password" library="SeleniumLibrary">
<arg>password</arg>
<arg>${password}</arg>
<doc>Types the given password into the text field identified by ``locator``.</doc>
<msg timestamp="20241107 16:01:58.992" level="INFO">Typing password into text field 'password'.</msg>
<msg timestamp="20241107 16:02:00.053" level="INFO">Temporally setting log level to: NONE</msg>
<msg timestamp="20241107 16:02:00.642" level="INFO">Log level changed from NONE to INFO.</msg>
<status status="PASS" starttime="20241107 16:01:58.991" endtime="20241107 16:02:00.642"/>
</kw>
<status status="PASS" starttime="20241107 16:01:58.990" endtime="20241107 16:02:00.642"/>
</kw>
<kw name="Submit Credentials">
<kw name="Click Button" library="SeleniumLibrary">
<arg>Login</arg>
<doc>Clicks the button identified by ``locator``.</doc>
<msg timestamp="20241107 16:02:00.645" level="INFO">Clicking button 'Login'.</msg>
<status status="PASS" starttime="20241107 16:02:00.643" endtime="20241107 16:02:02.782"/>
</kw>
<status status="PASS" starttime="20241107 16:02:00.643" endtime="20241107 16:02:02.782"/>
</kw>
<kw name="Login Should Fail With Message" library="login_resource">
<arg>Invalid username or password</arg>
<kw name="Login Page Should Be Open" library="resource">
<kw name="Title Should Be" library="SeleniumLibrary">
<arg>Login</arg>
<doc>Verifies that the current page title equals ``title``.</doc>
<msg timestamp="20241107 16:02:03.294" level="INFO">Page title is 'Login'.</msg>
<status status="PASS" starttime="20241107 16:02:02.784" endtime="20241107 16:02:03.295"/>
</kw>
<status status="PASS" starttime="20241107 16:02:02.783" endtime="20241107 16:02:03.295"/>
</kw>
<kw name="Page Should Contain" library="SeleniumLibrary">
<arg>${message}</arg>
<doc>Verifies that current page contains ``text``.</doc>
<msg timestamp="20241107 16:02:04.331" level="INFO">Current page contains text 'Invalid username or password'.</msg>
<status status="PASS" starttime="20241107 16:02:03.296" endtime="20241107 16:02:04.332"/>
</kw>
<status status="PASS" starttime="20241107 16:02:02.782" endtime="20241107 16:02:04.332"/>
</kw>
<status status="PASS" starttime="20241107 16:01:56.785" endtime="20241107 16:02:04.333"/>
</test>
<test id="s1-s2-t3" name="Login With Nonexistent Username" line="21">
<kw name="Reset Application Create User And Go To Login Page" type="SETUP">
<kw name="Reset Application" library="AppLibrary">
<status status="PASS" starttime="20241107 16:02:04.336" endtime="20241107 16:02:04.342"/>
</kw>
<kw name="Create User" library="AppLibrary">
<arg>kalle</arg>
<arg>kalle123</arg>
<status status="PASS" starttime="20241107 16:02:04.342" endtime="20241107 16:02:04.351"/>
</kw>
<kw name="Go To Login Page" library="resource">
<kw name="Go To" library="SeleniumLibrary">
<arg>${LOGIN_URL}</arg>
<doc>Navigates the current browser window to the provided ``url``.</doc>
<msg timestamp="20241107 16:02:04.352" level="INFO">Opening url 'http://localhost:5001/login'</msg>
<status status="PASS" starttime="20241107 16:02:04.351" endtime="20241107 16:02:04.894"/>
</kw>
<status status="PASS" starttime="20241107 16:02:04.351" endtime="20241107 16:02:04.895"/>
</kw>
<status status="PASS" starttime="20241107 16:02:04.336" endtime="20241107 16:02:04.895"/>
</kw>
<kw name="Set Username">
<arg>teemu</arg>
<kw name="Input Text" library="SeleniumLibrary">
<arg>username</arg>
<arg>${username}</arg>
<doc>Types the given ``text`` into the text field identified by ``locator``.</doc>
<msg timestamp="20241107 16:02:04.898" level="INFO">Typing text 'teemu' into text field 'username'.</msg>
<status status="PASS" starttime="20241107 16:02:04.897" endtime="20241107 16:02:06.527"/>
</kw>
<status status="PASS" starttime="20241107 16:02:04.896" endtime="20241107 16:02:06.527"/>
</kw>
<kw name="Set Password">
<arg>teemu1234</arg>
<kw name="Input Password" library="SeleniumLibrary">
<arg>password</arg>
<arg>${password}</arg>
<doc>Types the given password into the text field identified by ``locator``.</doc>
<msg timestamp="20241107 16:02:06.530" level="INFO">Typing password into text field 'password'.</msg>
<msg timestamp="20241107 16:02:07.582" level="INFO">Temporally setting log level to: NONE</msg>
<msg timestamp="20241107 16:02:08.157" level="INFO">Log level changed from NONE to INFO.</msg>
<status status="PASS" starttime="20241107 16:02:06.528" endtime="20241107 16:02:08.157"/>
</kw>
<status status="PASS" starttime="20241107 16:02:06.528" endtime="20241107 16:02:08.157"/>
</kw>
<kw name="Submit Credentials">
<kw name="Click Button" library="SeleniumLibrary">
<arg>Login</arg>
<doc>Clicks the button identified by ``locator``.</doc>
<msg timestamp="20241107 16:02:08.160" level="INFO">Clicking button 'Login'.</msg>
<status status="PASS" starttime="20241107 16:02:08.159" endtime="20241107 16:02:10.275"/>
</kw>
<status status="PASS" starttime="20241107 16:02:08.158" endtime="20241107 16:02:10.275"/>
</kw>
<kw name="Login Should Fail With Message" library="login_resource">
<arg>Invalid username or password</arg>
<kw name="Login Page Should Be Open" library="resource">
<kw name="Title Should Be" library="SeleniumLibrary">
<arg>Login</arg>
<doc>Verifies that the current page title equals ``title``.</doc>
<msg timestamp="20241107 16:02:10.789" level="INFO">Page title is 'Login'.</msg>
<status status="PASS" starttime="20241107 16:02:10.277" endtime="20241107 16:02:10.789"/>
</kw>
<status status="PASS" starttime="20241107 16:02:10.276" endtime="20241107 16:02:10.789"/>
</kw>
<kw name="Page Should Contain" library="SeleniumLibrary">
<arg>${message}</arg>
<doc>Verifies that current page contains ``text``.</doc>
<msg timestamp="20241107 16:02:11.814" level="INFO">Current page contains text 'Invalid username or password'.</msg>
<status status="PASS" starttime="20241107 16:02:10.790" endtime="20241107 16:02:11.815"/>
</kw>
<status status="PASS" starttime="20241107 16:02:10.275" endtime="20241107 16:02:11.815"/>
</kw>
<status status="PASS" starttime="20241107 16:02:04.334" endtime="20241107 16:02:11.816"/>
</test>
<kw name="Close Browser" library="SeleniumLibrary" type="TEARDOWN">
<doc>Closes the current browser.</doc>
<status status="PASS" starttime="20241107 16:02:11.819" endtime="20241107 16:02:12.382"/>
</kw>
<status status="PASS" starttime="20241107 16:01:49.485" endtime="20241107 16:02:12.383"/>
</suite>
<suite id="s1-s3" name="Register" source="/home/teeruoko/Documents/ohtu_palautus/viikko3/web-login/src/tests/register.robot">
<kw name="Open And Configure Browser" library="resource" type="SETUP">
<if>
<branch type="IF" condition="$BROWSER == 'chrome'">
<kw name="Evaluate" library="BuiltIn">
<var>${options}</var>
<arg>sys.modules['selenium.webdriver'].ChromeOptions()</arg>
<arg>sys</arg>
<doc>Evaluates the given expression in Python and returns the result.</doc>
<msg timestamp="20241107 16:02:12.395" level="INFO">${options} = &lt;selenium.webdriver.chrome.options.Options object at 0x76ba988fba60&gt;</msg>
<status status="PASS" starttime="20241107 16:02:12.394" endtime="20241107 16:02:12.395"/>
</kw>
<status status="PASS" starttime="20241107 16:02:12.394" endtime="20241107 16:02:12.395"/>
</branch>
<branch type="ELSE IF" condition="$BROWSER == 'firefox'">
<kw name="Evaluate" library="BuiltIn">
<var>${options}</var>
<arg>sys.modules['selenium.webdriver'].FirefoxOptions()</arg>
<arg>sys</arg>
<doc>Evaluates the given expression in Python and returns the result.</doc>
<status status="NOT RUN" starttime="20241107 16:02:12.395" endtime="20241107 16:02:12.395"/>
</kw>
<status status="NOT RUN" starttime="20241107 16:02:12.395" endtime="20241107 16:02:12.395"/>
</branch>
<status status="PASS" starttime="20241107 16:02:12.394" endtime="20241107 16:02:12.395"/>
</if>
<if>
<branch type="IF" condition="$HEADLESS == 'true'">
<kw name="Set Selenium Speed" library="SeleniumLibrary">
<arg>0</arg>
<doc>Sets the delay that is waited after each Selenium command.</doc>
<status status="NOT RUN" starttime="20241107 16:02:12.396" endtime="20241107 16:02:12.396"/>
</kw>
<kw name="Call Method" library="BuiltIn">
<arg>${options}</arg>
<arg>add_argument</arg>
<arg>--headless</arg>
<doc>Calls the named method of the given object with the provided arguments.</doc>
<status status="NOT RUN" starttime="20241107 16:02:12.396" endtime="20241107 16:02:12.396"/>
</kw>
<status status="NOT RUN" starttime="20241107 16:02:12.395" endtime="20241107 16:02:12.396"/>
</branch>
<branch type="ELSE">
<kw name="Set Selenium Speed" library="SeleniumLibrary">
<arg>${DELAY}</arg>
<doc>Sets the delay that is waited after each Selenium command.</doc>
<status status="PASS" starttime="20241107 16:02:12.396" endtime="20241107 16:02:12.396"/>
</kw>
<status status="PASS" starttime="20241107 16:02:12.396" endtime="20241107 16:02:12.396"/>
</branch>
<status status="PASS" starttime="20241107 16:02:12.395" endtime="20241107 16:02:12.396"/>
</if>
<kw name="Open Browser" library="SeleniumLibrary">
<arg>browser=${BROWSER}</arg>
<arg>options=${options}</arg>
<doc>Opens a new browser instance to the optional ``url``.</doc>
<msg timestamp="20241107 16:02:12.397" level="INFO">Opening browser 'chrome' to base url 'None'.</msg>
<status status="PASS" starttime="20241107 16:02:12.397" endtime="20241107 16:02:13.057"/>
</kw>
<status status="PASS" starttime="20241107 16:02:12.394" endtime="20241107 16:02:13.057"/>
</kw>
<test id="s1-s3-t1" name="Register With Valid Username And Password" line="10">
<kw name="Reset Application Create User And Go To Register Page" type="SETUP">
<kw name="Reset Application" library="AppLibrary">
<status status="PASS" starttime="20241107 16:02:13.059" endtime="20241107 16:02:13.062"/>
</kw>
<kw name="Create User" library="AppLibrary">
<arg>teemu</arg>
<arg>teemu1234</arg>
<status status="PASS" starttime="20241107 16:02:13.063" endtime="20241107 16:02:13.070"/>
</kw>
<kw name="Go To Register Page">
<kw name="Go To" library="SeleniumLibrary">
<arg>${REGISTER_URL}</arg>
<doc>Navigates the current browser window to the provided ``url``.</doc>
<msg timestamp="20241107 16:02:13.071" level="INFO">Opening url 'http://localhost:5001/register'</msg>
<status status="PASS" starttime="20241107 16:02:13.071" endtime="20241107 16:02:13.665"/>
</kw>
<status status="PASS" starttime="20241107 16:02:13.070" endtime="20241107 16:02:13.666"/>
</kw>
<status status="PASS" starttime="20241107 16:02:13.058" endtime="20241107 16:02:13.666"/>
</kw>
<kw name="Set Username">
<arg>kalle</arg>
<kw name="Input Text" library="SeleniumLibrary">
<arg>username</arg>
<arg>${username}</arg>
<doc>Types the given ``text`` into the text field identified by ``locator``.</doc>
<msg timestamp="20241107 16:02:13.669" level="INFO">Typing text 'kalle' into text field 'username'.</msg>
<status status="PASS" starttime="20241107 16:02:13.667" endtime="20241107 16:02:15.343"/>
</kw>
<status status="PASS" starttime="20241107 16:02:13.666" endtime="20241107 16:02:15.343"/>
</kw>
<kw name="Set Password">
<arg>kalle1234</arg>
<kw name="Input Password" library="SeleniumLibrary">
<arg>password</arg>
<arg>${password}</arg>
<doc>Types the given password into the text field identified by ``locator``.</doc>
<msg timestamp="20241107 16:02:15.346" level="INFO">Typing password into text field 'password'.</msg>
<msg timestamp="20241107 16:02:16.409" level="INFO">Temporally setting log level to: NONE</msg>
<msg timestamp="20241107 16:02:16.984" level="INFO">Log level changed from NONE to INFO.</msg>
<status status="PASS" starttime="20241107 16:02:15.344" endtime="20241107 16:02:16.985"/>
</kw>
<status status="PASS" starttime="20241107 16:02:15.344" endtime="20241107 16:02:16.985"/>
</kw>
<kw name="Set Password Confirmation">
<arg>kalle1234</arg>
<kw name="Input Password" library="SeleniumLibrary">
<arg>password_confirmation</arg>
<arg>${password_confirmation}</arg>
<doc>Types the given password into the text field identified by ``locator``.</doc>
<msg timestamp="20241107 16:02:16.989" level="INFO">Typing password into text field 'password_confirmation'.</msg>
<msg timestamp="20241107 16:02:18.056" level="INFO">Temporally setting log level to: NONE</msg>
<msg timestamp="20241107 16:02:18.640" level="INFO">Log level changed from NONE to INFO.</msg>
<status status="PASS" starttime="20241107 16:02:16.987" endtime="20241107 16:02:18.640"/>
</kw>
<status status="PASS" starttime="20241107 16:02:16.986" endtime="20241107 16:02:18.641"/>
</kw>
<kw name="Submit Credentials">
<kw name="Click Button" library="SeleniumLibrary">
<arg>Register</arg>
<doc>Clicks the button identified by ``locator``.</doc>
<msg timestamp="20241107 16:02:18.643" level="INFO">Clicking button 'Register'.</msg>
<status status="PASS" starttime="20241107 16:02:18.642" endtime="20241107 16:02:20.790"/>
</kw>
<status status="PASS" starttime="20241107 16:02:18.641" endtime="20241107 16:02:20.790"/>
</kw>
<kw name="Register Should Succeed">
<kw name="Title Should Be" library="SeleniumLibrary">
<arg>Welcome to Ohtu Application!</arg>
<doc>Verifies that the current page title equals ``title``.</doc>
<msg timestamp="20241107 16:02:21.304" level="INFO">Page title is 'Welcome to Ohtu Application!'.</msg>
<status status="PASS" starttime="20241107 16:02:20.792" endtime="20241107 16:02:21.304"/>
</kw>
<status status="PASS" starttime="20241107 16:02:20.791" endtime="20241107 16:02:21.305"/>
</kw>
<status status="PASS" starttime="20241107 16:02:13.058" endtime="20241107 16:02:21.305"/>
</test>
<test id="s1-s3-t2" name="Register With Too Short Username And Valid Password" line="17">
<kw name="Reset Application Create User And Go To Register Page" type="SETUP">
<kw name="Reset Application" library="AppLibrary">
<status status="PASS" starttime="20241107 16:02:21.308" endtime="20241107 16:02:21.314"/>
</kw>
<kw name="Create User" library="AppLibrary">
<arg>teemu</arg>
<arg>teemu1234</arg>
<status status="PASS" starttime="20241107 16:02:21.314" endtime="20241107 16:02:21.325"/>
</kw>
<kw name="Go To Register Page">
<kw name="Go To" library="SeleniumLibrary">
<arg>${REGISTER_URL}</arg>
<doc>Navigates the current browser window to the provided ``url``.</doc>
<msg timestamp="20241107 16:02:21.326" level="INFO">Opening url 'http://localhost:5001/register'</msg>
<status status="PASS" starttime="20241107 16:02:21.326" endtime="20241107 16:02:21.882"/>
</kw>
<status status="PASS" starttime="20241107 16:02:21.325" endtime="20241107 16:02:21.882"/>
</kw>
<status status="PASS" starttime="20241107 16:02:21.307" endtime="20241107 16:02:21.883"/>
</kw>
<kw name="Set Username">
<arg>ka</arg>
<kw name="Input Text" library="SeleniumLibrary">
<arg>username</arg>
<arg>${username}</arg>
<doc>Types the given ``text`` into the text field identified by ``locator``.</doc>
<msg timestamp="20241107 16:02:21.886" level="INFO">Typing text 'ka' into text field 'username'.</msg>
<status status="PASS" starttime="20241107 16:02:21.885" endtime="20241107 16:02:23.537"/>
</kw>
<status status="PASS" starttime="20241107 16:02:21.884" endtime="20241107 16:02:23.538"/>
</kw>
<kw name="Set Password">
<arg>kalle1234</arg>
<kw name="Input Password" library="SeleniumLibrary">
<arg>password</arg>
<arg>${password}</arg>
<doc>Types the given password into the text field identified by ``locator``.</doc>
<msg timestamp="20241107 16:02:23.542" level="INFO">Typing password into text field 'password'.</msg>
<msg timestamp="20241107 16:02:24.612" level="INFO">Temporally setting log level to: NONE</msg>
<msg timestamp="20241107 16:02:25.207" level="INFO">Log level changed from NONE to INFO.</msg>
<status status="PASS" starttime="20241107 16:02:23.540" endtime="20241107 16:02:25.208"/>
</kw>
<status status="PASS" starttime="20241107 16:02:23.539" endtime="20241107 16:02:25.208"/>
</kw>
<kw name="Set Password Confirmation">
<arg>kalle1234</arg>
<kw name="Input Password" library="SeleniumLibrary">
<arg>password_confirmation</arg>
<arg>${password_confirmation}</arg>
<doc>Types the given password into the text field identified by ``locator``.</doc>
<msg timestamp="20241107 16:02:25.211" level="INFO">Typing password into text field 'password_confirmation'.</msg>
<msg timestamp="20241107 16:02:26.263" level="INFO">Temporally setting log level to: NONE</msg>
<msg timestamp="20241107 16:02:26.837" level="INFO">Log level changed from NONE to INFO.</msg>
<status status="PASS" starttime="20241107 16:02:25.209" endtime="20241107 16:02:26.837"/>
</kw>
<status status="PASS" starttime="20241107 16:02:25.208" endtime="20241107 16:02:26.837"/>
</kw>
<kw name="Submit Credentials">
<kw name="Click Button" library="SeleniumLibrary">
<arg>Register</arg>
<doc>Clicks the button identified by ``locator``.</doc>
<msg timestamp="20241107 16:02:26.840" level="INFO">Clicking button 'Register'.</msg>
<status status="PASS" starttime="20241107 16:02:26.839" endtime="20241107 16:02:28.964"/>
</kw>
<status status="PASS" starttime="20241107 16:02:26.838" endtime="20241107 16:02:28.964"/>
</kw>
<kw name="Register Should Fail With Message">
<arg>Too short username</arg>
<kw name="Page Should Contain" library="SeleniumLibrary">
<arg>${message}</arg>
<doc>Verifies that current page contains ``text``.</doc>
<msg timestamp="20241107 16:02:29.997" level="INFO">Current page contains text 'Too short username'.</msg>
<status status="PASS" starttime="20241107 16:02:28.966" endtime="20241107 16:02:29.997"/>
</kw>
<status status="PASS" starttime="20241107 16:02:28.965" endtime="20241107 16:02:29.998"/>
</kw>
<status status="PASS" starttime="20241107 16:02:21.306" endtime="20241107 16:02:29.998"/>
</test>
<test id="s1-s3-t3" name="Register With Valid Username And Too Short Password" line="24">
<kw name="Reset Application Create User And Go To Register Page" type="SETUP">
<kw name="Reset Application" library="AppLibrary">
<status status="PASS" starttime="20241107 16:02:30.002" endtime="20241107 16:02:30.008"/>
</kw>
<kw name="Create User" library="AppLibrary">
<arg>teemu</arg>
<arg>teemu1234</arg>
<status status="PASS" starttime="20241107 16:02:30.009" endtime="20241107 16:02:30.019"/>
</kw>
<kw name="Go To Register Page">
<kw name="Go To" library="SeleniumLibrary">
<arg>${REGISTER_URL}</arg>
<doc>Navigates the current browser window to the provided ``url``.</doc>
<msg timestamp="20241107 16:02:30.020" level="INFO">Opening url 'http://localhost:5001/register'</msg>
<status status="PASS" starttime="20241107 16:02:30.020" endtime="20241107 16:02:30.563"/>
</kw>
<status status="PASS" starttime="20241107 16:02:30.019" endtime="20241107 16:02:30.563"/>
</kw>
<status status="PASS" starttime="20241107 16:02:30.001" endtime="20241107 16:02:30.564"/>
</kw>
<kw name="Set Username">
<arg>kalle</arg>
<kw name="Input Text" library="SeleniumLibrary">
<arg>username</arg>
<arg>${username}</arg>
<doc>Types the given ``text`` into the text field identified by ``locator``.</doc>
<msg timestamp="20241107 16:02:30.567" level="INFO">Typing text 'kalle' into text field 'username'.</msg>
<status status="PASS" starttime="20241107 16:02:30.566" endtime="20241107 16:02:32.200"/>
</kw>
<status status="PASS" starttime="20241107 16:02:30.564" endtime="20241107 16:02:32.200"/>
</kw>
<kw name="Set Password">
<arg>kalle12</arg>
<kw name="Input Password" library="SeleniumLibrary">
<arg>password</arg>
<arg>${password}</arg>
<doc>Types the given password into the text field identified by ``locator``.</doc>
<msg timestamp="20241107 16:02:32.203" level="INFO">Typing password into text field 'password'.</msg>
<msg timestamp="20241107 16:02:33.261" level="INFO">Temporally setting log level to: NONE</msg>
<msg timestamp="20241107 16:02:33.843" level="INFO">Log level changed from NONE to INFO.</msg>
<status status="PASS" starttime="20241107 16:02:32.202" endtime="20241107 16:02:33.843"/>
</kw>
<status status="PASS" starttime="20241107 16:02:32.201" endtime="20241107 16:02:33.843"/>
</kw>
<kw name="Set Password Confirmation">
<arg>kalle12</arg>
<kw name="Input Password" library="SeleniumLibrary">
<arg>password_confirmation</arg>
<arg>${password_confirmation}</arg>
<doc>Types the given password into the text field identified by ``locator``.</doc>
<msg timestamp="20241107 16:02:33.846" level="INFO">Typing password into text field 'password_confirmation'.</msg>
<msg timestamp="20241107 16:02:34.897" level="INFO">Temporally setting log level to: NONE</msg>
<msg timestamp="20241107 16:02:35.466" level="INFO">Log level changed from NONE to INFO.</msg>
<status status="PASS" starttime="20241107 16:02:33.845" endtime="20241107 16:02:35.467"/>
</kw>
<status status="PASS" starttime="20241107 16:02:33.844" endtime="20241107 16:02:35.467"/>
</kw>
<kw name="Submit Credentials">
<kw name="Click Button" library="SeleniumLibrary">
<arg>Register</arg>
<doc>Clicks the button identified by ``locator``.</doc>
<msg timestamp="20241107 16:02:35.469" level="INFO">Clicking button 'Register'.</msg>
<status status="PASS" starttime="20241107 16:02:35.468" endtime="20241107 16:02:37.587"/>
</kw>
<status status="PASS" starttime="20241107 16:02:35.467" endtime="20241107 16:02:37.587"/>
</kw>
<kw name="Register Should Fail With Message">
<arg>Too short password</arg>
<kw name="Page Should Contain" library="SeleniumLibrary">
<arg>${message}</arg>
<doc>Verifies that current page contains ``text``.</doc>
<msg timestamp="20241107 16:02:38.611" level="INFO">Current page contains text 'Too short password'.</msg>
<status status="PASS" starttime="20241107 16:02:37.588" endtime="20241107 16:02:38.612"/>
</kw>
<status status="PASS" starttime="20241107 16:02:37.588" endtime="20241107 16:02:38.612"/>
</kw>
<status status="PASS" starttime="20241107 16:02:30.000" endtime="20241107 16:02:38.612"/>
</test>
<test id="s1-s3-t4" name="Register With Valid Username And Invalid Password" line="31">
<kw name="Reset Application Create User And Go To Register Page" type="SETUP">
<kw name="Reset Application" library="AppLibrary">
<status status="PASS" starttime="20241107 16:02:38.614" endtime="20241107 16:02:38.619"/>
</kw>
<kw name="Create User" library="AppLibrary">
<arg>teemu</arg>
<arg>teemu1234</arg>
<status status="PASS" starttime="20241107 16:02:38.620" endtime="20241107 16:02:38.630"/>
</kw>
<kw name="Go To Register Page">
<kw name="Go To" library="SeleniumLibrary">
<arg>${REGISTER_URL}</arg>
<doc>Navigates the current browser window to the provided ``url``.</doc>
<msg timestamp="20241107 16:02:38.632" level="INFO">Opening url 'http://localhost:5001/register'</msg>
<status status="PASS" starttime="20241107 16:02:38.632" endtime="20241107 16:02:39.211"/>
</kw>
<status status="PASS" starttime="20241107 16:02:38.631" endtime="20241107 16:02:39.211"/>
</kw>
<status status="PASS" starttime="20241107 16:02:38.614" endtime="20241107 16:02:39.211"/>
</kw>
<kw name="Set Username">
<arg>kalle</arg>
<kw name="Input Text" library="SeleniumLibrary">
<arg>username</arg>
<arg>${username}</arg>
<doc>Types the given ``text`` into the text field identified by ``locator``.</doc>
<msg timestamp="20241107 16:02:39.213" level="INFO">Typing text 'kalle' into text field 'username'.</msg>
<status status="PASS" starttime="20241107 16:02:39.212" endtime="20241107 16:02:40.808"/>
</kw>
<status status="PASS" starttime="20241107 16:02:39.212" endtime="20241107 16:02:40.808"/>
</kw>
<kw name="Set Password">
<arg>kallepalle</arg>
<kw name="Input Password" library="SeleniumLibrary">
<arg>password</arg>
<arg>${password}</arg>
<doc>Types the given password into the text field identified by ``locator``.</doc>
<msg timestamp="20241107 16:02:40.809" level="INFO">Typing password into text field 'password'.</msg>
<msg timestamp="20241107 16:02:41.862" level="INFO">Temporally setting log level to: NONE</msg>
<msg timestamp="20241107 16:02:42.442" level="INFO">Log level changed from NONE to INFO.</msg>
<status status="PASS" starttime="20241107 16:02:40.808" endtime="20241107 16:02:42.442"/>
</kw>
<status status="PASS" starttime="20241107 16:02:40.808" endtime="20241107 16:02:42.442"/>
</kw>
<kw name="Set Password Confirmation">
<arg>kallepalle</arg>
<kw name="Input Password" library="SeleniumLibrary">
<arg>password_confirmation</arg>
<arg>${password_confirmation}</arg>
<doc>Types the given password into the text field identified by ``locator``.</doc>
<msg timestamp="20241107 16:02:42.444" level="INFO">Typing password into text field 'password_confirmation'.</msg>
<msg timestamp="20241107 16:02:43.499" level="INFO">Temporally setting log level to: NONE</msg>
<msg timestamp="20241107 16:02:44.078" level="INFO">Log level changed from NONE to INFO.</msg>
<status status="PASS" starttime="20241107 16:02:42.443" endtime="20241107 16:02:44.078"/>
</kw>
<status status="PASS" starttime="20241107 16:02:42.443" endtime="20241107 16:02:44.079"/>
</kw>
<kw name="Submit Credentials">
<kw name="Click Button" library="SeleniumLibrary">
<arg>Register</arg>
<doc>Clicks the button identified by ``locator``.</doc>
<msg timestamp="20241107 16:02:44.081" level="INFO">Clicking button 'Register'.</msg>
<status status="PASS" starttime="20241107 16:02:44.080" endtime="20241107 16:02:46.200"/>
</kw>
<status status="PASS" starttime="20241107 16:02:44.079" endtime="20241107 16:02:46.200"/>
</kw>
<kw name="Register Should Fail With Message">
<arg>Invalid password</arg>
<kw name="Page Should Contain" library="SeleniumLibrary">
<arg>${message}</arg>
<doc>Verifies that current page contains ``text``.</doc>
<msg timestamp="20241107 16:02:47.233" level="INFO">Current page contains text 'Invalid password'.</msg>
<status status="PASS" starttime="20241107 16:02:46.202" endtime="20241107 16:02:47.233"/>
</kw>
<status status="PASS" starttime="20241107 16:02:46.201" endtime="20241107 16:02:47.233"/>
</kw>
<status status="PASS" starttime="20241107 16:02:38.613" endtime="20241107 16:02:47.234"/>
</test>
<test id="s1-s3-t5" name="Register With Nonmatching Password And Password Confirmation" line="38">
<kw name="Reset Application Create User And Go To Register Page" type="SETUP">
<kw name="Reset Application" library="AppLibrary">
<status status="PASS" starttime="20241107 16:02:47.236" endtime="20241107 16:02:47.242"/>
</kw>
<kw name="Create User" library="AppLibrary">
<arg>teemu</arg>
<arg>teemu1234</arg>
<status status="PASS" starttime="20241107 16:02:47.243" endtime="20241107 16:02:47.254"/>
</kw>
<kw name="Go To Register Page">
<kw name="Go To" library="SeleniumLibrary">
<arg>${REGISTER_URL}</arg>
<doc>Navigates the current browser window to the provided ``url``.</doc>
<msg timestamp="20241107 16:02:47.256" level="INFO">Opening url 'http://localhost:5001/register'</msg>
<status status="PASS" starttime="20241107 16:02:47.255" endtime="20241107 16:02:47.797"/>
</kw>
<status status="PASS" starttime="20241107 16:02:47.255" endtime="20241107 16:02:47.798"/>
</kw>
<status status="PASS" starttime="20241107 16:02:47.236" endtime="20241107 16:02:47.798"/>
</kw>
<kw name="Set Username">
<arg>kalle</arg>
<kw name="Input Text" library="SeleniumLibrary">
<arg>username</arg>
<arg>${username}</arg>
<doc>Types the given ``text`` into the text field identified by ``locator``.</doc>
<msg timestamp="20241107 16:02:47.800" level="INFO">Typing text 'kalle' into text field 'username'.</msg>
<status status="PASS" starttime="20241107 16:02:47.799" endtime="20241107 16:02:49.427"/>
</kw>
<status status="PASS" starttime="20241107 16:02:47.798" endtime="20241107 16:02:49.427"/>
</kw>
<kw name="Set Password">
<arg>kalle1234</arg>
<kw name="Input Password" library="SeleniumLibrary">
<arg>password</arg>
<arg>${password}</arg>
<doc>Types the given password into the text field identified by ``locator``.</doc>
<msg timestamp="20241107 16:02:49.430" level="INFO">Typing password into text field 'password'.</msg>
<msg timestamp="20241107 16:02:50.485" level="INFO">Temporally setting log level to: NONE</msg>
<msg timestamp="20241107 16:02:51.066" level="INFO">Log level changed from NONE to INFO.</msg>
<status status="PASS" starttime="20241107 16:02:49.429" endtime="20241107 16:02:51.067"/>
</kw>
<status status="PASS" starttime="20241107 16:02:49.428" endtime="20241107 16:02:51.067"/>
</kw>
<kw name="Set Password Confirmation">
<arg>kalle123</arg>
<kw name="Input Password" library="SeleniumLibrary">
<arg>password_confirmation</arg>
<arg>${password_confirmation}</arg>
<doc>Types the given password into the text field identified by ``locator``.</doc>
<msg timestamp="20241107 16:02:51.070" level="INFO">Typing password into text field 'password_confirmation'.</msg>
<msg timestamp="20241107 16:02:52.129" level="INFO">Temporally setting log level to: NONE</msg>
<msg timestamp="20241107 16:02:52.710" level="INFO">Log level changed from NONE to INFO.</msg>
<status status="PASS" starttime="20241107 16:02:51.068" endtime="20241107 16:02:52.710"/>
</kw>
<status status="PASS" starttime="20241107 16:02:51.068" endtime="20241107 16:02:52.711"/>
</kw>
<kw name="Submit Credentials">
<kw name="Click Button" library="SeleniumLibrary">
<arg>Register</arg>
<doc>Clicks the button identified by ``locator``.</doc>
<msg timestamp="20241107 16:02:52.714" level="INFO">Clicking button 'Register'.</msg>
<status status="PASS" starttime="20241107 16:02:52.712" endtime="20241107 16:02:54.833"/>
</kw>
<status status="PASS" starttime="20241107 16:02:52.711" endtime="20241107 16:02:54.834"/>
</kw>
<kw name="Register Should Fail With Message">
<arg>Passwords do not match</arg>
<kw name="Page Should Contain" library="SeleniumLibrary">
<arg>${message}</arg>
<doc>Verifies that current page contains ``text``.</doc>
<msg timestamp="20241107 16:02:55.864" level="INFO">Current page contains text 'Passwords do not match'.</msg>
<status status="PASS" starttime="20241107 16:02:54.836" endtime="20241107 16:02:55.864"/>
</kw>
<status status="PASS" starttime="20241107 16:02:54.835" endtime="20241107 16:02:55.865"/>
</kw>
<status status="PASS" starttime="20241107 16:02:47.235" endtime="20241107 16:02:55.865"/>
</test>
<test id="s1-s3-t6" name="Register With Username That Is Already In Use" line="45">
<kw name="Reset Application Create User And Go To Register Page" type="SETUP">
<kw name="Reset Application" library="AppLibrary">
<status status="PASS" starttime="20241107 16:02:55.868" endtime="20241107 16:02:55.874"/>
</kw>
<kw name="Create User" library="AppLibrary">
<arg>teemu</arg>
<arg>teemu1234</arg>
<status status="PASS" starttime="20241107 16:02:55.874" endtime="20241107 16:02:55.884"/>
</kw>
<kw name="Go To Register Page">
<kw name="Go To" library="SeleniumLibrary">
<arg>${REGISTER_URL}</arg>
<doc>Navigates the current browser window to the provided ``url``.</doc>
<msg timestamp="20241107 16:02:55.885" level="INFO">Opening url 'http://localhost:5001/register'</msg>
<status status="PASS" starttime="20241107 16:02:55.884" endtime="20241107 16:02:56.430"/>
</kw>
<status status="PASS" starttime="20241107 16:02:55.884" endtime="20241107 16:02:56.430"/>
</kw>
<status status="PASS" starttime="20241107 16:02:55.867" endtime="20241107 16:02:56.430"/>
</kw>
<kw name="Set Username">
<arg>teemu</arg>
<kw name="Input Text" library="SeleniumLibrary">
<arg>username</arg>
<arg>${username}</arg>
<doc>Types the given ``text`` into the text field identified by ``locator``.</doc>
<msg timestamp="20241107 16:02:56.434" level="INFO">Typing text 'teemu' into text field 'username'.</msg>
<status status="PASS" starttime="20241107 16:02:56.433" endtime="20241107 16:02:58.054"/>
</kw>
<status status="PASS" starttime="20241107 16:02:56.431" endtime="20241107 16:02:58.054"/>
</kw>
<kw name="Set Password">
<arg>teemu1234</arg>
<kw name="Input Password" library="SeleniumLibrary">
<arg>password</arg>
<arg>${password}</arg>
<doc>Types the given password into the text field identified by ``locator``.</doc>
<msg timestamp="20241107 16:02:58.056" level="INFO">Typing password into text field 'password'.</msg>
<msg timestamp="20241107 16:02:59.112" level="INFO">Temporally setting log level to: NONE</msg>
<msg timestamp="20241107 16:02:59.692" level="INFO">Log level changed from NONE to INFO.</msg>
<status status="PASS" starttime="20241107 16:02:58.055" endtime="20241107 16:02:59.693"/>
</kw>
<status status="PASS" starttime="20241107 16:02:58.055" endtime="20241107 16:02:59.693"/>
</kw>
<kw name="Set Password Confirmation">
<arg>teemu1234</arg>
<kw name="Input Password" library="SeleniumLibrary">
<arg>password_confirmation</arg>
<arg>${password_confirmation}</arg>
<doc>Types the given password into the text field identified by ``locator``.</doc>
<msg timestamp="20241107 16:02:59.696" level="INFO">Typing password into text field 'password_confirmation'.</msg>
<msg timestamp="20241107 16:03:00.751" level="INFO">Temporally setting log level to: NONE</msg>
<msg timestamp="20241107 16:03:01.328" level="INFO">Log level changed from NONE to INFO.</msg>
<status status="PASS" starttime="20241107 16:02:59.695" endtime="20241107 16:03:01.329"/>
</kw>
<status status="PASS" starttime="20241107 16:02:59.693" endtime="20241107 16:03:01.329"/>
</kw>
<kw name="Submit Credentials">
<kw name="Click Button" library="SeleniumLibrary">
<arg>Register</arg>
<doc>Clicks the button identified by ``locator``.</doc>
<msg timestamp="20241107 16:03:01.332" level="INFO">Clicking button 'Register'.</msg>
<status status="PASS" starttime="20241107 16:03:01.331" endtime="20241107 16:03:03.438"/>
</kw>
<status status="PASS" starttime="20241107 16:03:01.330" endtime="20241107 16:03:03.439"/>
</kw>
<kw name="Register Should Fail With Message">
<arg>Username in use</arg>
<kw name="Page Should Contain" library="SeleniumLibrary">
<arg>${message}</arg>
<doc>Verifies that current page contains ``text``.</doc>
<msg timestamp="20241107 16:03:04.470" level="INFO">Current page contains text 'Username in use'.</msg>
<status status="PASS" starttime="20241107 16:03:03.441" endtime="20241107 16:03:04.471"/>
</kw>
<status status="PASS" starttime="20241107 16:03:03.440" endtime="20241107 16:03:04.471"/>
</kw>
<status status="PASS" starttime="20241107 16:02:55.866" endtime="20241107 16:03:04.472"/>
</test>
<test id="s1-s3-t7" name="Login After Successful Registration" line="52">
<kw name="Reset Application Create User And Go To Register Page" type="SETUP">
<kw name="Reset Application" library="AppLibrary">
<status status="PASS" starttime="20241107 16:03:04.474" endtime="20241107 16:03:04.480"/>
</kw>
<kw name="Create User" library="AppLibrary">
<arg>teemu</arg>
<arg>teemu1234</arg>
<status status="PASS" starttime="20241107 16:03:04.480" endtime="20241107 16:03:04.488"/>
</kw>
<kw name="Go To Register Page">
<kw name="Go To" library="SeleniumLibrary">
<arg>${REGISTER_URL}</arg>
<doc>Navigates the current browser window to the provided ``url``.</doc>
<msg timestamp="20241107 16:03:04.489" level="INFO">Opening url 'http://localhost:5001/register'</msg>
<status status="PASS" starttime="20241107 16:03:04.489" endtime="20241107 16:03:05.028"/>
</kw>
<status status="PASS" starttime="20241107 16:03:04.488" endtime="20241107 16:03:05.028"/>
</kw>
<status status="PASS" starttime="20241107 16:03:04.473" endtime="20241107 16:03:05.028"/>
</kw>
<kw name="Set Username">
<arg>kalle</arg>
<kw name="Input Text" library="SeleniumLibrary">
<arg>username</arg>
<arg>${username}</arg>
<doc>Types the given ``text`` into the text field identified by ``locator``.</doc>
<msg timestamp="20241107 16:03:05.031" level="INFO">Typing text 'kalle' into text field 'username'.</msg>
<status status="PASS" starttime="20241107 16:03:05.030" endtime="20241107 16:03:06.661"/>
</kw>
<status status="PASS" starttime="20241107 16:03:05.029" endtime="20241107 16:03:06.661"/>
</kw>
<kw name="Set Password">
<arg>kalle1234</arg>
<kw name="Input Password" library="SeleniumLibrary">
<arg>password</arg>
<arg>${password}</arg>
<doc>Types the given password into the text field identified by ``locator``.</doc>
<msg timestamp="20241107 16:03:06.663" level="INFO">Typing password into text field 'password'.</msg>
<msg timestamp="20241107 16:03:07.719" level="INFO">Temporally setting log level to: NONE</msg>
<msg timestamp="20241107 16:03:08.310" level="INFO">Log level changed from NONE to INFO.</msg>
<status status="PASS" starttime="20241107 16:03:06.662" endtime="20241107 16:03:08.310"/>
</kw>
<status status="PASS" starttime="20241107 16:03:06.661" endtime="20241107 16:03:08.310"/>
</kw>
<kw name="Set Password Confirmation">
<arg>kalle1234</arg>
<kw name="Input Password" library="SeleniumLibrary">
<arg>password_confirmation</arg>
<arg>${password_confirmation}</arg>
<doc>Types the given password into the text field identified by ``locator``.</doc>
<msg timestamp="20241107 16:03:08.314" level="INFO">Typing password into text field 'password_confirmation'.</msg>
<msg timestamp="20241107 16:03:09.369" level="INFO">Temporally setting log level to: NONE</msg>
<msg timestamp="20241107 16:03:09.949" level="INFO">Log level changed from NONE to INFO.</msg>
<status status="PASS" starttime="20241107 16:03:08.312" endtime="20241107 16:03:09.949"/>
</kw>
<status status="PASS" starttime="20241107 16:03:08.311" endtime="20241107 16:03:09.950"/>
</kw>
<kw name="Submit Credentials">
<kw name="Click Button" library="SeleniumLibrary">
<arg>Register</arg>
<doc>Clicks the button identified by ``locator``.</doc>
<msg timestamp="20241107 16:03:09.952" level="INFO">Clicking button 'Register'.</msg>
<status status="PASS" starttime="20241107 16:03:09.951" endtime="20241107 16:03:12.073"/>
</kw>
<status status="PASS" starttime="20241107 16:03:09.950" endtime="20241107 16:03:12.074"/>
</kw>
<kw name="Register Should Succeed">
<kw name="Title Should Be" library="SeleniumLibrary">
<arg>Welcome to Ohtu Application!</arg>
<doc>Verifies that the current page title equals ``title``.</doc>
<msg timestamp="20241107 16:03:12.584" level="INFO">Page title is 'Welcome to Ohtu Application!'.</msg>
<status status="PASS" starttime="20241107 16:03:12.074" endtime="20241107 16:03:12.585"/>
</kw>
<status status="PASS" starttime="20241107 16:03:12.074" endtime="20241107 16:03:12.585"/>
</kw>
<kw name="Click Link" library="SeleniumLibrary">
<arg>Continue to main page</arg>
<doc>Clicks a link identified by ``locator``.</doc>
<msg timestamp="20241107 16:03:12.587" level="INFO">Clicking link 'Continue to main page'.</msg>
<status status="PASS" starttime="20241107 16:03:12.586" endtime="20241107 16:03:14.213"/>
</kw>
<kw name="Click Button" library="SeleniumLibrary">
<arg>Logout</arg>
<doc>Clicks the button identified by ``locator``.</doc>
<msg timestamp="20241107 16:03:14.216" level="INFO">Clicking button 'Logout'.</msg>
<status status="PASS" starttime="20241107 16:03:14.214" endtime="20241107 16:03:16.352"/>
</kw>
<kw name="Set Username">
<arg>kalle</arg>
<kw name="Input Text" library="SeleniumLibrary">
<arg>username</arg>
<arg>${username}</arg>
<doc>Types the given ``text`` into the text field identified by ``locator``.</doc>
<msg timestamp="20241107 16:03:16.355" level="INFO">Typing text 'kalle' into text field 'username'.</msg>
<status status="PASS" starttime="20241107 16:03:16.354" endtime="20241107 16:03:18.000"/>
</kw>
<status status="PASS" starttime="20241107 16:03:16.352" endtime="20241107 16:03:18.000"/>
</kw>
<kw name="Set Password">
<arg>kalle1234</arg>
<kw name="Input Password" library="SeleniumLibrary">
<arg>password</arg>
<arg>${password}</arg>
<doc>Types the given password into the text field identified by ``locator``.</doc>
<msg timestamp="20241107 16:03:18.003" level="INFO">Typing password into text field 'password'.</msg>
<msg timestamp="20241107 16:03:19.057" level="INFO">Temporally setting log level to: NONE</msg>
<msg timestamp="20241107 16:03:19.641" level="INFO">Log level changed from NONE to INFO.</msg>
<status status="PASS" starttime="20241107 16:03:18.002" endtime="20241107 16:03:19.641"/>
</kw>
<status status="PASS" starttime="20241107 16:03:18.001" endtime="20241107 16:03:19.641"/>
</kw>
<kw name="Submit Login">
<kw name="Click Button" library="SeleniumLibrary">
<arg>Login</arg>
<doc>Clicks the button identified by ``locator``.</doc>
<msg timestamp="20241107 16:03:19.642" level="INFO">Clicking button 'Login'.</msg>
<status status="PASS" starttime="20241107 16:03:19.642" endtime="20241107 16:03:21.783"/>
</kw>
<status status="PASS" starttime="20241107 16:03:19.641" endtime="20241107 16:03:21.783"/>
</kw>
<kw name="Login Should Succeed" library="login_resource">
<kw name="Main Page Should Be Open" library="resource">
<kw name="Title Should Be" library="SeleniumLibrary">
<arg>Ohtu Application main page</arg>
<doc>Verifies that the current page title equals ``title``.</doc>
<msg timestamp="20241107 16:03:22.300" level="INFO">Page title is 'Ohtu Application main page'.</msg>
<status status="PASS" starttime="20241107 16:03:21.787" endtime="20241107 16:03:22.301"/>
</kw>
<status status="PASS" starttime="20241107 16:03:21.785" endtime="20241107 16:03:22.301"/>
</kw>
<status status="PASS" starttime="20241107 16:03:21.784" endtime="20241107 16:03:22.301"/>
</kw>
<status status="PASS" starttime="20241107 16:03:04.472" endtime="20241107 16:03:22.302"/>
</test>
<test id="s1-s3-t8" name="Login After Failed Registration" line="65">
<kw name="Reset Application Create User And Go To Register Page" type="SETUP">
<kw name="Reset Application" library="AppLibrary">
<status status="PASS" starttime="20241107 16:03:22.305" endtime="20241107 16:03:22.312"/>
</kw>
<kw name="Create User" library="AppLibrary">
<arg>teemu</arg>
<arg>teemu1234</arg>
<status status="PASS" starttime="20241107 16:03:22.312" endtime="20241107 16:03:22.323"/>
</kw>
<kw name="Go To Register Page">
<kw name="Go To" library="SeleniumLibrary">
<arg>${REGISTER_URL}</arg>
<doc>Navigates the current browser window to the provided ``url``.</doc>
<msg timestamp="20241107 16:03:22.324" level="INFO">Opening url 'http://localhost:5001/register'</msg>
<status status="PASS" starttime="20241107 16:03:22.324" endtime="20241107 16:03:22.891"/>
</kw>
<status status="PASS" starttime="20241107 16:03:22.323" endtime="20241107 16:03:22.892"/>
</kw>
<status status="PASS" starttime="20241107 16:03:22.305" endtime="20241107 16:03:22.892"/>
</kw>
<kw name="Set Username">
<arg>kalle</arg>
<kw name="Input Text" library="SeleniumLibrary">
<arg>username</arg>
<arg>${username}</arg>
<doc>Types the given ``text`` into the text field identified by ``locator``.</doc>
<msg timestamp="20241107 16:03:22.895" level="INFO">Typing text 'kalle' into text field 'username'.</msg>
<status status="PASS" starttime="20241107 16:03:22.894" endtime="20241107 16:03:24.533"/>
</kw>
<status status="PASS" starttime="20241107 16:03:22.893" endtime="20241107 16:03:24.534"/>
</kw>
<kw name="Set Password">
<arg>kalle1234</arg>
<kw name="Input Password" library="SeleniumLibrary">
<arg>password</arg>
<arg>${password}</arg>
<doc>Types the given password into the text field identified by ``locator``.</doc>
<msg timestamp="20241107 16:03:24.537" level="INFO">Typing password into text field 'password'.</msg>
<msg timestamp="20241107 16:03:25.587" level="INFO">Temporally setting log level to: NONE</msg>
<msg timestamp="20241107 16:03:26.157" level="INFO">Log level changed from NONE to INFO.</msg>
<status status="PASS" starttime="20241107 16:03:24.536" endtime="20241107 16:03:26.158"/>
</kw>
<status status="PASS" starttime="20241107 16:03:24.534" endtime="20241107 16:03:26.158"/>
</kw>
<kw name="Set Password Confirmation">
<arg>kalle123</arg>
<kw name="Input Password" library="SeleniumLibrary">
<arg>password_confirmation</arg>
<arg>${password_confirmation}</arg>
<doc>Types the given password into the text field identified by ``locator``.</doc>
<msg timestamp="20241107 16:03:26.160" level="INFO">Typing password into text field 'password_confirmation'.</msg>
<msg timestamp="20241107 16:03:27.225" level="INFO">Temporally setting log level to: NONE</msg>
<msg timestamp="20241107 16:03:27.799" level="INFO">Log level changed from NONE to INFO.</msg>
<status status="PASS" starttime="20241107 16:03:26.159" endtime="20241107 16:03:27.799"/>
</kw>
<status status="PASS" starttime="20241107 16:03:26.158" endtime="20241107 16:03:27.799"/>
</kw>
<kw name="Submit Credentials">
<kw name="Click Button" library="SeleniumLibrary">
<arg>Register</arg>
<doc>Clicks the button identified by ``locator``.</doc>
<msg timestamp="20241107 16:03:27.800" level="INFO">Clicking button 'Register'.</msg>
<status status="PASS" starttime="20241107 16:03:27.800" endtime="20241107 16:03:29.914"/>
</kw>
<status status="PASS" starttime="20241107 16:03:27.799" endtime="20241107 16:03:29.915"/>
</kw>
<kw name="Click Link" library="SeleniumLibrary">
<arg>Login</arg>
<doc>Clicks a link identified by ``locator``.</doc>
<msg timestamp="20241107 16:03:29.917" level="INFO">Clicking link 'Login'.</msg>
<status status="PASS" starttime="20241107 16:03:29.915" endtime="20241107 16:03:31.549"/>
</kw>
<kw name="Set Username">
<arg>kalle</arg>
<kw name="Input Text" library="SeleniumLibrary">
<arg>username</arg>
<arg>${username}</arg>
<doc>Types the given ``text`` into the text field identified by ``locator``.</doc>
<msg timestamp="20241107 16:03:31.552" level="INFO">Typing text 'kalle' into text field 'username'.</msg>
<status status="PASS" starttime="20241107 16:03:31.551" endtime="20241107 16:03:33.184"/>
</kw>
<status status="PASS" starttime="20241107 16:03:31.550" endtime="20241107 16:03:33.184"/>
</kw>
<kw name="Set Password">
<arg>kalle1234</arg>
<kw name="Input Password" library="SeleniumLibrary">
<arg>password</arg>
<arg>${password}</arg>
<doc>Types the given password into the text field identified by ``locator``.</doc>
<msg timestamp="20241107 16:03:33.187" level="INFO">Typing password into text field 'password'.</msg>
<msg timestamp="20241107 16:03:34.243" level="INFO">Temporally setting log level to: NONE</msg>
<msg timestamp="20241107 16:03:34.819" level="INFO">Log level changed from NONE to INFO.</msg>
<status status="PASS" starttime="20241107 16:03:33.186" endtime="20241107 16:03:34.820"/>
</kw>
<status status="PASS" starttime="20241107 16:03:33.185" endtime="20241107 16:03:34.820"/>
</kw>
<kw name="Submit Login">
<kw name="Click Button" library="SeleniumLibrary">
<arg>Login</arg>
<doc>Clicks the button identified by ``locator``.</doc>
<msg timestamp="20241107 16:03:34.823" level="INFO">Clicking button 'Login'.</msg>
<status status="PASS" starttime="20241107 16:03:34.821" endtime="20241107 16:03:36.942"/>
</kw>
<status status="PASS" starttime="20241107 16:03:34.820" endtime="20241107 16:03:36.942"/>
</kw>
<kw name="Login Should Fail With Message" library="login_resource">
<arg>Invalid username or password</arg>
<kw name="Login Page Should Be Open" library="resource">
<kw name="Title Should Be" library="SeleniumLibrary">
<arg>Login</arg>
<doc>Verifies that the current page title equals ``title``.</doc>
<msg timestamp="20241107 16:03:37.457" level="INFO">Page title is 'Login'.</msg>
<status status="PASS" starttime="20241107 16:03:36.945" endtime="20241107 16:03:37.458"/>
</kw>
<status status="PASS" starttime="20241107 16:03:36.944" endtime="20241107 16:03:37.458"/>
</kw>
<kw name="Page Should Contain" library="SeleniumLibrary">
<arg>${message}</arg>
<doc>Verifies that current page contains ``text``.</doc>
<msg timestamp="20241107 16:03:38.489" level="INFO">Current page contains text 'Invalid username or password'.</msg>
<status status="PASS" starttime="20241107 16:03:37.458" endtime="20241107 16:03:38.489"/>
</kw>
<status status="PASS" starttime="20241107 16:03:36.943" endtime="20241107 16:03:38.489"/>
</kw>
<status status="PASS" starttime="20241107 16:03:22.303" endtime="20241107 16:03:38.490"/>
</test>
<kw name="Close Browser" library="SeleniumLibrary" type="TEARDOWN">
<doc>Closes the current browser.</doc>
<status status="PASS" starttime="20241107 16:03:38.493" endtime="20241107 16:03:39.056"/>
</kw>
<status status="PASS" starttime="20241107 16:02:12.386" endtime="20241107 16:03:39.056"/>
</suite>
<status status="PASS" starttime="20241107 16:01:42.512" endtime="20241107 16:03:39.060"/>
</suite>
<statistics>
<total>
<stat pass="13" fail="0" skip="0">All Tests</stat>
</total>
<tag>
</tag>
<suite>
<stat pass="13" fail="0" skip="0" id="s1" name="Tests">Tests</stat>
<stat pass="2" fail="0" skip="0" id="s1-s1" name="Home">Tests.Home</stat>
<stat pass="3" fail="0" skip="0" id="s1-s2" name="Login">Tests.Login</stat>
<stat pass="8" fail="0" skip="0" id="s1-s3" name="Register">Tests.Register</stat>
</suite>
</statistics>
<errors>
</errors>
</robot>
